{"/home/kael/dev/typescript/kaelsilva.github.io/src/components/Toobar/index.tsx": {"path":"/home/kael/dev/typescript/kaelsilva.github.io/src/components/Toobar/index.tsx","statementMap":{"0":{"start":{"line":23,"column":26},"end":{"line":129,"column":1}},"1":{"start":{"line":24,"column":40},"end":{"line":24,"column":63}},"2":{"start":{"line":26,"column":2},"end":{"line":128,"column":4}},"3":{"start":{"line":30,"column":44},"end":{"line":30,"column":72}},"4":{"start":{"line":65,"column":45},"end":{"line":65,"column":73}},"5":{"start":{"line":70,"column":18},"end":{"line":70,"column":47}},"6":{"start":{"line":71,"column":18},"end":{"line":71,"column":45}},"7":{"start":{"line":81,"column":18},"end":{"line":81,"column":47}},"8":{"start":{"line":82,"column":18},"end":{"line":82,"column":50}},"9":{"start":{"line":92,"column":18},"end":{"line":92,"column":47}},"10":{"start":{"line":93,"column":18},"end":{"line":93,"column":51}},"11":{"start":{"line":103,"column":18},"end":{"line":103,"column":47}},"12":{"start":{"line":104,"column":18},"end":{"line":104,"column":54}},"13":{"start":{"line":114,"column":18},"end":{"line":114,"column":47}},"14":{"start":{"line":115,"column":18},"end":{"line":115,"column":52}}},"fnMap":{"0":{"name":"(anonymous_0)","decl":{"start":{"line":23,"column":26},"end":{"line":23,"column":27}},"loc":{"start":{"line":23,"column":32},"end":{"line":129,"column":1}},"line":23},"1":{"name":"(anonymous_1)","decl":{"start":{"line":30,"column":38},"end":{"line":30,"column":39}},"loc":{"start":{"line":30,"column":44},"end":{"line":30,"column":72}},"line":30},"2":{"name":"(anonymous_2)","decl":{"start":{"line":65,"column":39},"end":{"line":65,"column":40}},"loc":{"start":{"line":65,"column":45},"end":{"line":65,"column":73}},"line":65},"3":{"name":"(anonymous_3)","decl":{"start":{"line":69,"column":25},"end":{"line":69,"column":26}},"loc":{"start":{"line":69,"column":31},"end":{"line":72,"column":17}},"line":69},"4":{"name":"(anonymous_4)","decl":{"start":{"line":80,"column":25},"end":{"line":80,"column":26}},"loc":{"start":{"line":80,"column":31},"end":{"line":83,"column":17}},"line":80},"5":{"name":"(anonymous_5)","decl":{"start":{"line":91,"column":25},"end":{"line":91,"column":26}},"loc":{"start":{"line":91,"column":31},"end":{"line":94,"column":17}},"line":91},"6":{"name":"(anonymous_6)","decl":{"start":{"line":102,"column":25},"end":{"line":102,"column":26}},"loc":{"start":{"line":102,"column":31},"end":{"line":105,"column":17}},"line":102},"7":{"name":"(anonymous_7)","decl":{"start":{"line":113,"column":25},"end":{"line":113,"column":26}},"loc":{"start":{"line":113,"column":31},"end":{"line":116,"column":17}},"line":113}},"branchMap":{"0":{"loc":{"start":{"line":62,"column":9},"end":{"line":125,"column":9}},"type":"binary-expr","locations":[{"start":{"line":62,"column":9},"end":{"line":62,"column":21}},{"start":{"line":63,"column":10},"end":{"line":124,"column":26}}],"line":62}},"s":{"0":1,"1":2,"2":2,"3":0,"4":0,"5":0,"6":0,"7":0,"8":0,"9":0,"10":0,"11":0,"12":0,"13":0,"14":0},"f":{"0":2,"1":0,"2":0,"3":0,"4":0,"5":0,"6":0,"7":0},"b":{"0":[2,0]},"_coverageSchema":"1a1c01bbd47fc00a2c39e90264f33305004495a9","hash":"c8413e5edf1ecf2e25f9c7ca3e5bc9afad00bf36"}
}
