{"/home/kael/dev/typescript/kaelsilva.github.io/src/App.tsx": {"path":"/home/kael/dev/typescript/kaelsilva.github.io/src/App.tsx","statementMap":{"0":{"start":{"line":13,"column":22},"end":{"line":25,"column":1}},"1":{"start":{"line":14,"column":2},"end":{"line":24,"column":5}}},"fnMap":{"0":{"name":"(anonymous_0)","decl":{"start":{"line":13,"column":22},"end":{"line":13,"column":23}},"loc":{"start":{"line":14,"column":2},"end":{"line":24,"column":5}},"line":14}},"branchMap":{},"s":{"0":0,"1":0},"f":{"0":0},"b":{}}
,"/home/kael/dev/typescript/kaelsilva.github.io/src/GlobalStyles.ts": {"path":"/home/kael/dev/typescript/kaelsilva.github.io/src/GlobalStyles.ts","statementMap":{"0":{"start":{"line":3,"column":20},"end":{"line":11,"column":1}}},"fnMap":{},"branchMap":{},"s":{"0":0},"f":{},"b":{}}
,"/home/kael/dev/typescript/kaelsilva.github.io/src/components/Toolbar/index.tsx": {"path":"/home/kael/dev/typescript/kaelsilva.github.io/src/components/Toolbar/index.tsx","statementMap":{"0":{"start":{"line":23,"column":26},"end":{"line":129,"column":1}},"1":{"start":{"line":24,"column":40},"end":{"line":24,"column":63}},"2":{"start":{"line":26,"column":2},"end":{"line":128,"column":4}},"3":{"start":{"line":30,"column":44},"end":{"line":30,"column":72}},"4":{"start":{"line":65,"column":45},"end":{"line":65,"column":73}},"5":{"start":{"line":70,"column":18},"end":{"line":70,"column":47}},"6":{"start":{"line":71,"column":18},"end":{"line":71,"column":45}},"7":{"start":{"line":81,"column":18},"end":{"line":81,"column":47}},"8":{"start":{"line":82,"column":18},"end":{"line":82,"column":50}},"9":{"start":{"line":92,"column":18},"end":{"line":92,"column":47}},"10":{"start":{"line":93,"column":18},"end":{"line":93,"column":51}},"11":{"start":{"line":103,"column":18},"end":{"line":103,"column":47}},"12":{"start":{"line":104,"column":18},"end":{"line":104,"column":54}},"13":{"start":{"line":114,"column":18},"end":{"line":114,"column":47}},"14":{"start":{"line":115,"column":18},"end":{"line":115,"column":52}}},"fnMap":{"0":{"name":"(anonymous_0)","decl":{"start":{"line":23,"column":26},"end":{"line":23,"column":27}},"loc":{"start":{"line":23,"column":32},"end":{"line":129,"column":1}},"line":23},"1":{"name":"(anonymous_1)","decl":{"start":{"line":30,"column":38},"end":{"line":30,"column":39}},"loc":{"start":{"line":30,"column":44},"end":{"line":30,"column":72}},"line":30},"2":{"name":"(anonymous_2)","decl":{"start":{"line":65,"column":39},"end":{"line":65,"column":40}},"loc":{"start":{"line":65,"column":45},"end":{"line":65,"column":73}},"line":65},"3":{"name":"(anonymous_3)","decl":{"start":{"line":69,"column":25},"end":{"line":69,"column":26}},"loc":{"start":{"line":69,"column":31},"end":{"line":72,"column":17}},"line":69},"4":{"name":"(anonymous_4)","decl":{"start":{"line":80,"column":25},"end":{"line":80,"column":26}},"loc":{"start":{"line":80,"column":31},"end":{"line":83,"column":17}},"line":80},"5":{"name":"(anonymous_5)","decl":{"start":{"line":91,"column":25},"end":{"line":91,"column":26}},"loc":{"start":{"line":91,"column":31},"end":{"line":94,"column":17}},"line":91},"6":{"name":"(anonymous_6)","decl":{"start":{"line":102,"column":25},"end":{"line":102,"column":26}},"loc":{"start":{"line":102,"column":31},"end":{"line":105,"column":17}},"line":102},"7":{"name":"(anonymous_7)","decl":{"start":{"line":113,"column":25},"end":{"line":113,"column":26}},"loc":{"start":{"line":113,"column":31},"end":{"line":116,"column":17}},"line":113}},"branchMap":{"0":{"loc":{"start":{"line":62,"column":9},"end":{"line":125,"column":9}},"type":"binary-expr","locations":[{"start":{"line":62,"column":9},"end":{"line":62,"column":21}},{"start":{"line":63,"column":10},"end":{"line":124,"column":26}}],"line":62}},"s":{"0":1,"1":2,"2":2,"3":0,"4":0,"5":0,"6":0,"7":0,"8":0,"9":0,"10":0,"11":0,"12":0,"13":0,"14":0},"f":{"0":2,"1":0,"2":0,"3":0,"4":0,"5":0,"6":0,"7":0},"b":{"0":[2,0]},"_coverageSchema":"1a1c01bbd47fc00a2c39e90264f33305004495a9","hash":"25260ae09ce0397582d6d090d4da863d11c342ce"}
,"/home/kael/dev/typescript/kaelsilva.github.io/src/components/Toolbar/styles.ts": {"path":"/home/kael/dev/typescript/kaelsilva.github.io/src/components/Toolbar/styles.ts","statementMap":{"0":{"start":{"line":5,"column":32},"end":{"line":24,"column":1}},"1":{"start":{"line":26,"column":26},"end":{"line":39,"column":1}},"2":{"start":{"line":41,"column":27},"end":{"line":64,"column":1}},"3":{"start":{"line":66,"column":24},"end":{"line":69,"column":1}},"4":{"start":{"line":71,"column":29},"end":{"line":81,"column":1}},"5":{"start":{"line":83,"column":33},"end":{"line":92,"column":1}},"6":{"start":{"line":94,"column":30},"end":{"line":107,"column":1}},"7":{"start":{"line":109,"column":39},"end":{"line":117,"column":1}}},"fnMap":{},"branchMap":{},"s":{"0":1,"1":1,"2":1,"3":1,"4":1,"5":1,"6":1,"7":1},"f":{},"b":{},"_coverageSchema":"1a1c01bbd47fc00a2c39e90264f33305004495a9","hash":"72dd3b8a62f3bd5b85867aee46d9e769b3e8b5c6"}
,"/home/kael/dev/typescript/kaelsilva.github.io/src/pages/About/index.tsx": {"path":"/home/kael/dev/typescript/kaelsilva.github.io/src/pages/About/index.tsx","statementMap":{"0":{"start":{"line":5,"column":24},"end":{"line":47,"column":1}},"1":{"start":{"line":6,"column":2},"end":{"line":46,"column":14}}},"fnMap":{"0":{"name":"(anonymous_0)","decl":{"start":{"line":5,"column":24},"end":{"line":5,"column":25}},"loc":{"start":{"line":6,"column":2},"end":{"line":46,"column":14}},"line":6}},"branchMap":{},"s":{"0":0,"1":0},"f":{"0":0},"b":{}}
,"/home/kael/dev/typescript/kaelsilva.github.io/src/pages/About/styles.ts": {"path":"/home/kael/dev/typescript/kaelsilva.github.io/src/pages/About/styles.ts","statementMap":{"0":{"start":{"line":3,"column":25},"end":{"line":24,"column":1}},"1":{"start":{"line":26,"column":21},"end":{"line":36,"column":1}},"2":{"start":{"line":38,"column":30},"end":{"line":40,"column":1}},"3":{"start":{"line":42,"column":21},"end":{"line":50,"column":1}},"4":{"start":{"line":52,"column":25},"end":{"line":56,"column":1}}},"fnMap":{},"branchMap":{},"s":{"0":0,"1":0,"2":0,"3":0,"4":0},"f":{},"b":{}}
,"/home/kael/dev/typescript/kaelsilva.github.io/src/pages/Contact/index.tsx": {"path":"/home/kael/dev/typescript/kaelsilva.github.io/src/pages/Contact/index.tsx","statementMap":{"0":{"start":{"line":12,"column":26},"end":{"line":41,"column":1}},"1":{"start":{"line":13,"column":2},"end":{"line":40,"column":14}},"2":{"start":{"line":21,"column":12},"end":{"line":21,"column":78}},"3":{"start":{"line":28,"column":13},"end":{"line":28,"column":70}},"4":{"start":{"line":34,"column":25},"end":{"line":34,"column":72}}},"fnMap":{"0":{"name":"(anonymous_0)","decl":{"start":{"line":12,"column":26},"end":{"line":12,"column":27}},"loc":{"start":{"line":13,"column":2},"end":{"line":40,"column":14}},"line":13},"1":{"name":"(anonymous_1)","decl":{"start":{"line":20,"column":19},"end":{"line":20,"column":20}},"loc":{"start":{"line":21,"column":12},"end":{"line":21,"column":78}},"line":21},"2":{"name":"(anonymous_2)","decl":{"start":{"line":27,"column":19},"end":{"line":27,"column":20}},"loc":{"start":{"line":28,"column":13},"end":{"line":28,"column":70}},"line":28},"3":{"name":"(anonymous_3)","decl":{"start":{"line":34,"column":19},"end":{"line":34,"column":20}},"loc":{"start":{"line":34,"column":25},"end":{"line":34,"column":72}},"line":34}},"branchMap":{},"s":{"0":0,"1":0,"2":0,"3":0,"4":0},"f":{"0":0,"1":0,"2":0,"3":0},"b":{}}
,"/home/kael/dev/typescript/kaelsilva.github.io/src/pages/Contact/styles.ts": {"path":"/home/kael/dev/typescript/kaelsilva.github.io/src/pages/Contact/styles.ts","statementMap":{"0":{"start":{"line":3,"column":25},"end":{"line":24,"column":1}},"1":{"start":{"line":26,"column":21},"end":{"line":36,"column":1}},"2":{"start":{"line":38,"column":32},"end":{"line":43,"column":1}},"3":{"start":{"line":45,"column":25},"end":{"line":49,"column":1}},"4":{"start":{"line":51,"column":28},"end":{"line":56,"column":1}},"5":{"start":{"line":58,"column":24},"end":{"line":61,"column":1}}},"fnMap":{},"branchMap":{},"s":{"0":0,"1":0,"2":0,"3":0,"4":0,"5":0},"f":{},"b":{}}
,"/home/kael/dev/typescript/kaelsilva.github.io/src/pages/Home/index.tsx": {"path":"/home/kael/dev/typescript/kaelsilva.github.io/src/pages/Home/index.tsx","statementMap":{"0":{"start":{"line":12,"column":23},"end":{"line":24,"column":1}},"1":{"start":{"line":13,"column":2},"end":{"line":23,"column":14}}},"fnMap":{"0":{"name":"(anonymous_0)","decl":{"start":{"line":12,"column":23},"end":{"line":12,"column":24}},"loc":{"start":{"line":13,"column":2},"end":{"line":23,"column":14}},"line":13}},"branchMap":{},"s":{"0":0,"1":0},"f":{"0":0},"b":{}}
,"/home/kael/dev/typescript/kaelsilva.github.io/src/pages/Home/styles.ts": {"path":"/home/kael/dev/typescript/kaelsilva.github.io/src/pages/Home/styles.ts","statementMap":{"0":{"start":{"line":4,"column":21},"end":{"line":4,"column":54}},"1":{"start":{"line":6,"column":25},"end":{"line":27,"column":1}},"2":{"start":{"line":29,"column":23},"end":{"line":37,"column":1}},"3":{"start":{"line":39,"column":34},"end":{"line":45,"column":1}},"4":{"start":{"line":47,"column":26},"end":{"line":55,"column":1}},"5":{"start":{"line":57,"column":25},"end":{"line":67,"column":1}},"6":{"start":{"line":69,"column":24},"end":{"line":78,"column":1}},"7":{"start":{"line":80,"column":26},"end":{"line":85,"column":1}}},"fnMap":{},"branchMap":{},"s":{"0":0,"1":0,"2":0,"3":0,"4":0,"5":0,"6":0,"7":0},"f":{},"b":{}}
,"/home/kael/dev/typescript/kaelsilva.github.io/src/pages/Portfolio/index.tsx": {"path":"/home/kael/dev/typescript/kaelsilva.github.io/src/pages/Portfolio/index.tsx","statementMap":{"0":{"start":{"line":4,"column":28},"end":{"line":11,"column":1}},"1":{"start":{"line":5,"column":2},"end":{"line":10,"column":14}}},"fnMap":{"0":{"name":"(anonymous_0)","decl":{"start":{"line":4,"column":28},"end":{"line":4,"column":29}},"loc":{"start":{"line":5,"column":2},"end":{"line":10,"column":14}},"line":5}},"branchMap":{},"s":{"0":0,"1":0},"f":{"0":0},"b":{}}
,"/home/kael/dev/typescript/kaelsilva.github.io/src/pages/Portfolio/styles.ts": {"path":"/home/kael/dev/typescript/kaelsilva.github.io/src/pages/Portfolio/styles.ts","statementMap":{"0":{"start":{"line":3,"column":25},"end":{"line":24,"column":1}},"1":{"start":{"line":26,"column":21},"end":{"line":36,"column":1}},"2":{"start":{"line":38,"column":25},"end":{"line":42,"column":1}},"3":{"start":{"line":44,"column":34},"end":{"line":48,"column":1}}},"fnMap":{},"branchMap":{},"s":{"0":0,"1":0,"2":0,"3":0},"f":{},"b":{}}
,"/home/kael/dev/typescript/kaelsilva.github.io/src/pages/Skills/index.tsx": {"path":"/home/kael/dev/typescript/kaelsilva.github.io/src/pages/Skills/index.tsx","statementMap":{"0":{"start":{"line":5,"column":25},"end":{"line":34,"column":1}},"1":{"start":{"line":6,"column":2},"end":{"line":33,"column":14}}},"fnMap":{"0":{"name":"(anonymous_0)","decl":{"start":{"line":5,"column":25},"end":{"line":5,"column":26}},"loc":{"start":{"line":6,"column":2},"end":{"line":33,"column":14}},"line":6}},"branchMap":{},"s":{"0":0,"1":0},"f":{"0":0},"b":{}}
,"/home/kael/dev/typescript/kaelsilva.github.io/src/pages/Skills/styles.ts": {"path":"/home/kael/dev/typescript/kaelsilva.github.io/src/pages/Skills/styles.ts","statementMap":{"0":{"start":{"line":3,"column":25},"end":{"line":24,"column":1}},"1":{"start":{"line":26,"column":21},"end":{"line":36,"column":1}},"2":{"start":{"line":38,"column":31},"end":{"line":43,"column":1}},"3":{"start":{"line":45,"column":25},"end":{"line":56,"column":1}}},"fnMap":{},"branchMap":{},"s":{"0":0,"1":0,"2":0,"3":0},"f":{},"b":{}}
}
