TN:
SF:src/components/Toobar/index.tsx
FN:23,(anonymous_0)
FN:30,(anonymous_1)
FN:65,(anonymous_2)
FN:69,(anonymous_3)
FN:80,(anonymous_4)
FN:91,(anonymous_5)
FN:102,(anonymous_6)
FN:113,(anonymous_7)
FNF:8
FNH:1
FNDA:2,(anonymous_0)
FNDA:0,(anonymous_1)
FNDA:0,(anonymous_2)
FNDA:0,(anonymous_3)
FNDA:0,(anonymous_4)
FNDA:0,(anonymous_5)
FNDA:0,(anonymous_6)
FNDA:0,(anonymous_7)
DA:23,1
DA:24,2
DA:26,2
DA:30,0
DA:65,0
DA:70,0
DA:71,0
DA:81,0
DA:82,0
DA:92,0
DA:93,0
DA:103,0
DA:104,0
DA:114,0
DA:115,0
LF:15
LH:3
BRDA:62,0,0,2
BRDA:62,0,1,0
BRF:2
BRH:1
end_of_record
