TN:
SF:src/App.tsx
FN:13,(anonymous_0)
FNF:1
FNH:0
FNDA:0,(anonymous_0)
DA:13,0
DA:14,0
LF:2
LH:0
BRF:0
BRH:0
end_of_record
TN:
SF:src/GlobalStyles.ts
FNF:0
FNH:0
DA:3,0
LF:1
LH:0
BRF:0
BRH:0
end_of_record
TN:
SF:src/components/Toolbar/index.tsx
FN:23,(anonymous_0)
FN:30,(anonymous_1)
FN:65,(anonymous_2)
FN:69,(anonymous_3)
FN:80,(anonymous_4)
FN:91,(anonymous_5)
FN:102,(anonymous_6)
FN:113,(anonymous_7)
FNF:8
FNH:1
FNDA:2,(anonymous_0)
FNDA:0,(anonymous_1)
FNDA:0,(anonymous_2)
FNDA:0,(anonymous_3)
FNDA:0,(anonymous_4)
FNDA:0,(anonymous_5)
FNDA:0,(anonymous_6)
FNDA:0,(anonymous_7)
DA:23,1
DA:24,2
DA:26,2
DA:30,0
DA:65,0
DA:70,0
DA:71,0
DA:81,0
DA:82,0
DA:92,0
DA:93,0
DA:103,0
DA:104,0
DA:114,0
DA:115,0
LF:15
LH:3
BRDA:62,0,0,2
BRDA:62,0,1,0
BRF:2
BRH:1
end_of_record
TN:
SF:src/components/Toolbar/styles.ts
FNF:0
FNH:0
DA:5,1
DA:26,1
DA:41,1
DA:66,1
DA:71,1
DA:83,1
DA:94,1
DA:109,1
LF:8
LH:8
BRF:0
BRH:0
end_of_record
TN:
SF:src/pages/About/index.tsx
FN:5,(anonymous_0)
FNF:1
FNH:0
FNDA:0,(anonymous_0)
DA:5,0
DA:6,0
LF:2
LH:0
BRF:0
BRH:0
end_of_record
TN:
SF:src/pages/About/styles.ts
FNF:0
FNH:0
DA:3,0
DA:26,0
DA:38,0
DA:42,0
DA:52,0
LF:5
LH:0
BRF:0
BRH:0
end_of_record
TN:
SF:src/pages/Contact/index.tsx
FN:12,(anonymous_0)
FN:20,(anonymous_1)
FN:27,(anonymous_2)
FN:34,(anonymous_3)
FNF:4
FNH:0
FNDA:0,(anonymous_0)
FNDA:0,(anonymous_1)
FNDA:0,(anonymous_2)
FNDA:0,(anonymous_3)
DA:12,0
DA:13,0
DA:21,0
DA:28,0
DA:34,0
LF:5
LH:0
BRF:0
BRH:0
end_of_record
TN:
SF:src/pages/Contact/styles.ts
FNF:0
FNH:0
DA:3,0
DA:26,0
DA:38,0
DA:45,0
DA:51,0
DA:58,0
LF:6
LH:0
BRF:0
BRH:0
end_of_record
TN:
SF:src/pages/Home/index.tsx
FN:12,(anonymous_0)
FNF:1
FNH:0
FNDA:0,(anonymous_0)
DA:12,0
DA:13,0
LF:2
LH:0
BRF:0
BRH:0
end_of_record
TN:
SF:src/pages/Home/styles.ts
FNF:0
FNH:0
DA:4,0
DA:6,0
DA:29,0
DA:39,0
DA:47,0
DA:57,0
DA:69,0
DA:80,0
LF:8
LH:0
BRF:0
BRH:0
end_of_record
TN:
SF:src/pages/Portfolio/index.tsx
FN:4,(anonymous_0)
FNF:1
FNH:0
FNDA:0,(anonymous_0)
DA:4,0
DA:5,0
LF:2
LH:0
BRF:0
BRH:0
end_of_record
TN:
SF:src/pages/Portfolio/styles.ts
FNF:0
FNH:0
DA:3,0
DA:26,0
DA:38,0
DA:44,0
LF:4
LH:0
BRF:0
BRH:0
end_of_record
TN:
SF:src/pages/Skills/index.tsx
FN:5,(anonymous_0)
FNF:1
FNH:0
FNDA:0,(anonymous_0)
DA:5,0
DA:6,0
LF:2
LH:0
BRF:0
BRH:0
end_of_record
TN:
SF:src/pages/Skills/styles.ts
FNF:0
FNH:0
DA:3,0
DA:26,0
DA:38,0
DA:45,0
LF:4
LH:0
BRF:0
BRH:0
end_of_record
